<?xml version="1.0" encoding="UTF-8"?>
<testng-results skipped="0" failed="0" ignored="0" total="1" passed="1">
  <reporter-output>
  </reporter-output>
  <suite name="Suite" duration-ms="9660" started-at="2019-02-26T08:29:04Z" finished-at="2019-02-26T08:29:13Z">
    <groups>
    </groups>
    <test name="Test" duration-ms="9660" started-at="2019-02-26T08:29:04Z" finished-at="2019-02-26T08:29:13Z">
      <class name="mevandemo.MavenDemo">
        <test-method status="PASS" signature="testA()[pri:0, instance:mevandemo.MavenDemo@18355a8]" name="testA" duration-ms="9516" started-at="2019-02-26T08:29:04Z" finished-at="2019-02-26T08:29:13Z">
          <reporter-output>
          </reporter-output>
        </test-method> <!-- testA -->
      </class> <!-- mevandemo.MavenDemo -->
    </test> <!-- Test -->
  </suite> <!-- Suite -->
</testng-results>
